<?xml version="1.0" encoding="UTF-8"?>
<!-- Generated by org.testng.reporters.JUnitReportReporter -->
<testsuite hostname="dev-025" failures="0" tests="2" name="com.msi.msisurfaces.application.tests.ApplicationTest" time="13.170" errors="0" timestamp="2025-08-07T15:07:06 IST" skipped="0">
  <testcase classname="com.msi.msisurfaces.application.tests.ApplicationTest" name="verifyOrangeHRMHomePage" time="7.073"/>
  <system-out/>
  <testcase classname="com.msi.msisurfaces.application.tests.ApplicationTest" name="verifyOrangeHRMLoginPage" time="6.097"/>
  <system-out/>
</testsuite> <!-- com.msi.msisurfaces.application.tests.ApplicationTest -->
