<?xml version="1.0" encoding="UTF-8"?>
<!-- Generated by org.testng.reporters.JUnitReportReporter -->
<testsuite hostname="dev-025" failures="0" tests="13" name="com.practise.crm.framework.AppCommons" time="0.031" errors="0" timestamp="2025-08-04T11:12:51 IST" skipped="0">
  <testcase classname="com.practise.crm.framework.AppCommons" name="Testcase2" time="0.009"/>
  <system-out/>
  <testcase classname="com.practise.crm.framework.AppCommons" name="Testcase3" time="0.003"/>
  <system-out/>
  <testcase classname="com.practise.crm.framework.AppCommons" name="Testcase3" time="0.001"/>
  <system-out/>
  <testcase classname="com.practise.crm.framework.AppCommons" name="Testcase1" time="0.001"/>
  <system-out/>
  <testcase classname="com.practise.crm.framework.AppCommons" name="Testcase1" time="0.006"/>
  <system-out/>
  <testcase classname="com.practise.crm.framework.AppCommons" name="Testcase1" time="0.002"/>
  <system-out/>
  <testcase classname="com.practise.crm.framework.AppCommons" name="Testcase1" time="0.001"/>
  <system-out/>
  <testcase classname="com.practise.crm.framework.AppCommons" name="Testcase1" time="0.001"/>
  <system-out/>
  <testcase classname="com.practise.crm.framework.AppCommons" name="Testcase1" time="0.001"/>
  <system-out/>
  <testcase classname="com.practise.crm.framework.AppCommons" name="Testcase1" time="0.001"/>
  <system-out/>
  <testcase classname="com.practise.crm.framework.AppCommons" name="Testcase1" time="0.003"/>
  <system-out/>
  <testcase classname="com.practise.crm.framework.AppCommons" name="Testcase1" time="0.001"/>
  <system-out/>
  <testcase classname="com.practise.crm.framework.AppCommons" name="Testcase1" time="0.001"/>
  <system-out/>
</testsuite> <!-- com.practise.crm.framework.AppCommons -->
